0 info it worked if it ends with ok
1 verbose cli [ '/usr/bin/nodejs',
1 verbose cli   '/usr/bin/npm',
1 verbose cli   'install',
1 verbose cli   'material-design-icons',
1 verbose cli   '--save' ]
2 info using npm@3.5.2
3 info using node@v4.2.6
4 silly loadCurrentTree Starting
5 silly install loadCurrentTree
6 silly install readLocalPackageData
7 silly fetchPackageMetaData material-design-icons
8 silly fetchNamedPackageData material-design-icons
9 silly mapToRegistry name material-design-icons
10 silly mapToRegistry using default registry
11 silly mapToRegistry registry https://registry.npmjs.org/
12 silly mapToRegistry uri https://registry.npmjs.org/material-design-icons
13 verbose request uri https://registry.npmjs.org/material-design-icons
14 verbose request no auth needed
15 info attempt registry request try #1 at 12:38:44 p. m.
16 verbose request id 98f1a64be196c1ec
17 http request GET https://registry.npmjs.org/material-design-icons
18 http 200 https://registry.npmjs.org/material-design-icons
19 verbose headers { 'content-type': 'application/json; charset=UTF-8',
19 verbose headers   server: 'AmazonS3',
19 verbose headers   'cache-control': 'max-age=300',
19 verbose headers   'last-modified': 'Sat, 24 Feb 2018 18:13:17 GMT',
19 verbose headers   etag: '"5a91ab3d-4f36"',
19 verbose headers   'x-npm-region': 'US-East',
19 verbose headers   'content-encoding': 'gzip',
19 verbose headers   'content-length': '3466',
19 verbose headers   'accept-ranges': 'bytes',
19 verbose headers   date: 'Sun, 13 May 2018 17:38:45 GMT',
19 verbose headers   via: '1.1 varnish',
19 verbose headers   age: '8637',
19 verbose headers   connection: 'keep-alive',
19 verbose headers   'x-served-by': 'cache-mia17629-MIA',
19 verbose headers   'x-cache': 'HIT',
19 verbose headers   'x-cache-hits': '1',
19 verbose headers   'x-timer': 'S1526233125.110297,VS0,VE1',
19 verbose headers   vary: 'Accept-Encoding, Accept' }
20 silly get cb [ 200,
20 silly get   { 'content-type': 'application/json; charset=UTF-8',
20 silly get     server: 'AmazonS3',
20 silly get     'cache-control': 'max-age=300',
20 silly get     'last-modified': 'Sat, 24 Feb 2018 18:13:17 GMT',
20 silly get     etag: '"5a91ab3d-4f36"',
20 silly get     'x-npm-region': 'US-East',
20 silly get     'content-encoding': 'gzip',
20 silly get     'content-length': '3466',
20 silly get     'accept-ranges': 'bytes',
20 silly get     date: 'Sun, 13 May 2018 17:38:45 GMT',
20 silly get     via: '1.1 varnish',
20 silly get     age: '8637',
20 silly get     connection: 'keep-alive',
20 silly get     'x-served-by': 'cache-mia17629-MIA',
20 silly get     'x-cache': 'HIT',
20 silly get     'x-cache-hits': '1',
20 silly get     'x-timer': 'S1526233125.110297,VS0,VE1',
20 silly get     vary: 'Accept-Encoding, Accept' } ]
21 verbose get saving material-design-icons to /home/diego/.npm/registry.npmjs.org/material-design-icons/.cache.json
22 silly install normalizeTree
23 silly loadCurrentTree Finishing
24 silly loadIdealTree Starting
25 silly install loadIdealTree
26 silly cloneCurrentTree Starting
27 silly install cloneCurrentTreeToIdealTree
28 silly cloneCurrentTree Finishing
29 silly loadShrinkwrap Starting
30 silly install loadShrinkwrap
31 silly loadShrinkwrap Finishing
32 silly loadAllDepsIntoIdealTree Starting
33 silly install loadAllDepsIntoIdealTree
34 silly resolveWithNewModule material-design-icons@3.0.1 checking installable status
35 silly cache add args [ 'material-design-icons', null ]
36 verbose cache add spec material-design-icons
37 silly cache add parsed spec Result {
37 silly cache add   raw: 'material-design-icons',
37 silly cache add   scope: null,
37 silly cache add   name: 'material-design-icons',
37 silly cache add   rawSpec: '',
37 silly cache add   spec: 'latest',
37 silly cache add   type: 'tag' }
38 silly addNamed material-design-icons@latest
39 verbose addNamed "latest" is being treated as a dist-tag for material-design-icons
40 info addNameTag [ 'material-design-icons', 'latest' ]
41 silly mapToRegistry name material-design-icons
42 silly mapToRegistry using default registry
43 silly mapToRegistry registry https://registry.npmjs.org/
44 silly mapToRegistry uri https://registry.npmjs.org/material-design-icons
45 verbose addNameTag registry:https://registry.npmjs.org/material-design-icons not in flight; fetching
46 verbose get https://registry.npmjs.org/material-design-icons not expired, no request
47 silly addNameTag next cb for material-design-icons with tag latest
48 silly addNamed material-design-icons@3.0.1
49 verbose addNamed "3.0.1" is a plain semver version for material-design-icons
50 silly mapToRegistry name material-design-icons
51 silly mapToRegistry using default registry
52 silly mapToRegistry registry https://registry.npmjs.org/
53 silly mapToRegistry uri https://registry.npmjs.org/material-design-icons
54 verbose addRemoteTarball https://registry.npmjs.org/material-design-icons/-/material-design-icons-3.0.1.tgz not in flight; adding
55 verbose addRemoteTarball [ 'https://registry.npmjs.org/material-design-icons/-/material-design-icons-3.0.1.tgz',
55 verbose addRemoteTarball   '9a71c48747218ebca51e51a66da682038cdcb7bf' ]
56 info retry fetch attempt 1 at 12:38:46 p. m.
57 info attempt registry request try #1 at 12:38:46 p. m.
58 http fetch GET https://registry.npmjs.org/material-design-icons/-/material-design-icons-3.0.1.tgz
59 http fetch 200 https://registry.npmjs.org/material-design-icons/-/material-design-icons-3.0.1.tgz
60 silly fetchAndShaCheck shasum 9a71c48747218ebca51e51a66da682038cdcb7bf
61 verbose addTmpTarball /tmp/npm-19042-8f851ce4/registry.npmjs.org/material-design-icons/-/material-design-icons-3.0.1.tgz not in flight; adding
62 verbose addTmpTarball already have metadata; skipping unpack for material-design-icons@3.0.1
63 silly cache afterAdd material-design-icons@3.0.1
64 verbose afterAdd /home/diego/.npm/material-design-icons/3.0.1/package/package.json not in flight; writing
65 verbose afterAdd /home/diego/.npm/material-design-icons/3.0.1/package/package.json written
66 silly fetchNamedPackageData fsevents
67 silly mapToRegistry name fsevents
68 silly mapToRegistry using default registry
69 silly mapToRegistry registry https://registry.npmjs.org/
70 silly mapToRegistry uri https://registry.npmjs.org/fsevents
71 verbose request uri https://registry.npmjs.org/fsevents
72 verbose request no auth needed
73 info attempt registry request try #1 at 12:39:24 p. m.
74 verbose etag "5a7fa6de-e526"
75 verbose lastModified Sun, 11 Feb 2018 2:13:50 GMT
76 http request GET https://registry.npmjs.org/fsevents
77 http 200 https://registry.npmjs.org/fsevents
78 verbose headers { 'content-type': 'application/json; charset=UTF-8',
78 verbose headers   server: 'UploadServer',
78 verbose headers   'cache-control': 'max-age=300',
78 verbose headers   'last-modified': 'Fri, 27 Apr 2018 17:30:16 GMT',
78 verbose headers   etag: '"5ae35e28-10652"',
78 verbose headers   'x-npm-region': 'US-East',
78 verbose headers   'content-encoding': 'gzip',
78 verbose headers   'content-length': '10056',
78 verbose headers   'accept-ranges': 'bytes',
78 verbose headers   date: 'Sun, 13 May 2018 17:39:24 GMT',
78 verbose headers   via: '1.1 varnish',
78 verbose headers   age: '11896',
78 verbose headers   connection: 'keep-alive',
78 verbose headers   'x-served-by': 'cache-mia17622-MIA',
78 verbose headers   'x-cache': 'HIT',
78 verbose headers   'x-cache-hits': '22',
78 verbose headers   'x-timer': 'S1526233165.874175,VS0,VE0',
78 verbose headers   vary: 'Accept-Encoding, Accept' }
79 silly get cb [ 200,
79 silly get   { 'content-type': 'application/json; charset=UTF-8',
79 silly get     server: 'UploadServer',
79 silly get     'cache-control': 'max-age=300',
79 silly get     'last-modified': 'Fri, 27 Apr 2018 17:30:16 GMT',
79 silly get     etag: '"5ae35e28-10652"',
79 silly get     'x-npm-region': 'US-East',
79 silly get     'content-encoding': 'gzip',
79 silly get     'content-length': '10056',
79 silly get     'accept-ranges': 'bytes',
79 silly get     date: 'Sun, 13 May 2018 17:39:24 GMT',
79 silly get     via: '1.1 varnish',
79 silly get     age: '11896',
79 silly get     connection: 'keep-alive',
79 silly get     'x-served-by': 'cache-mia17622-MIA',
79 silly get     'x-cache': 'HIT',
79 silly get     'x-cache-hits': '22',
79 silly get     'x-timer': 'S1526233165.874175,VS0,VE0',
79 silly get     vary: 'Accept-Encoding, Accept' } ]
80 verbose get saving fsevents to /home/diego/.npm/registry.npmjs.org/fsevents/.cache.json
81 silly resolveWithNewModule fsevents@1.2.3 checking installable status
82 silly loadAllDepsIntoIdealTree Finishing
83 silly idealTree:prePrune proyectosoftware@1.0.0
83 silly idealTree:prePrune ├── abbrev@1.1.1
83 silly idealTree:prePrune ├── accepts@1.3.5
83 silly idealTree:prePrune ├── acorn-globals@1.0.9
83 silly idealTree:prePrune ├── acorn@2.7.0
83 silly idealTree:prePrune ├── after@0.8.2
83 silly idealTree:prePrune ├── align-text@0.1.4
83 silly idealTree:prePrune ├── amdefine@1.0.1
83 silly idealTree:prePrune ├── ansi-align@2.0.0
83 silly idealTree:prePrune ├── ansi-regex@3.0.0
83 silly idealTree:prePrune ├── ansi-styles@3.2.1
83 silly idealTree:prePrune ├── anymatch@2.0.0
83 silly idealTree:prePrune ├── arr-diff@4.0.0
83 silly idealTree:prePrune ├── arr-flatten@1.1.0
83 silly idealTree:prePrune ├── arr-union@3.1.0
83 silly idealTree:prePrune ├── array-flatten@1.1.1
83 silly idealTree:prePrune ├── array-unique@0.3.2
83 silly idealTree:prePrune ├── arraybuffer.slice@0.0.7
83 silly idealTree:prePrune ├── asap@1.0.0
83 silly idealTree:prePrune ├── assign-symbols@1.0.0
83 silly idealTree:prePrune ├── async-each@1.0.1
83 silly idealTree:prePrune ├── async-limiter@1.0.0
83 silly idealTree:prePrune ├── atob@2.1.0
83 silly idealTree:prePrune ├── backo2@1.0.2
83 silly idealTree:prePrune ├── balanced-match@1.0.0
83 silly idealTree:prePrune ├─┬ base@0.11.2
83 silly idealTree:prePrune │ └── define-property@1.0.0
83 silly idealTree:prePrune ├── base64-arraybuffer@0.1.5
83 silly idealTree:prePrune ├── base64id@1.0.0
83 silly idealTree:prePrune ├── better-assert@1.0.2
83 silly idealTree:prePrune ├── bignumber.js@4.0.4
83 silly idealTree:prePrune ├── binary-extensions@1.11.0
83 silly idealTree:prePrune ├── blob@0.0.4
83 silly idealTree:prePrune ├── body-parser@1.18.2
83 silly idealTree:prePrune ├─┬ boxen@1.3.0
83 silly idealTree:prePrune │ └── camelcase@4.1.0
83 silly idealTree:prePrune ├── brace-expansion@1.1.11
83 silly idealTree:prePrune ├─┬ braces@2.3.1
83 silly idealTree:prePrune │ ├── define-property@1.0.0
83 silly idealTree:prePrune │ ├── extend-shallow@2.0.1
83 silly idealTree:prePrune │ └── kind-of@6.0.2
83 silly idealTree:prePrune ├── bytes@3.0.0
83 silly idealTree:prePrune ├── cache-base@1.0.1
83 silly idealTree:prePrune ├── callsite@1.0.0
83 silly idealTree:prePrune ├── camelcase@1.2.1
83 silly idealTree:prePrune ├── capture-stack-trace@1.0.0
83 silly idealTree:prePrune ├── center-align@0.1.3
83 silly idealTree:prePrune ├── chalk@2.3.2
83 silly idealTree:prePrune ├── character-parser@1.2.1
83 silly idealTree:prePrune ├── chokidar@2.0.3
83 silly idealTree:prePrune ├── ci-info@1.1.3
83 silly idealTree:prePrune ├─┬ class-utils@0.3.6
83 silly idealTree:prePrune │ ├── define-property@0.2.5
83 silly idealTree:prePrune │ ├─┬ is-accessor-descriptor@0.1.6
83 silly idealTree:prePrune │ │ └── kind-of@3.2.2
83 silly idealTree:prePrune │ ├─┬ is-data-descriptor@0.1.4
83 silly idealTree:prePrune │ │ └── kind-of@3.2.2
83 silly idealTree:prePrune │ ├── is-descriptor@0.1.6
83 silly idealTree:prePrune │ └── kind-of@5.1.0
83 silly idealTree:prePrune ├─┬ clean-css@3.4.28
83 silly idealTree:prePrune │ └── commander@2.8.1
83 silly idealTree:prePrune ├── cli-boxes@1.0.0
83 silly idealTree:prePrune ├─┬ cliui@2.1.0
83 silly idealTree:prePrune │ └── wordwrap@0.0.2
83 silly idealTree:prePrune ├── collection-visit@1.0.0
83 silly idealTree:prePrune ├── color-convert@1.9.1
83 silly idealTree:prePrune ├── color-name@1.1.3
83 silly idealTree:prePrune ├── commander@2.6.0
83 silly idealTree:prePrune ├── component-bind@1.0.0
83 silly idealTree:prePrune ├── component-emitter@1.2.1
83 silly idealTree:prePrune ├── component-inherit@0.0.3
83 silly idealTree:prePrune ├── concat-map@0.0.1
83 silly idealTree:prePrune ├── configstore@3.1.2
83 silly idealTree:prePrune ├── constantinople@3.0.2
83 silly idealTree:prePrune ├── content-disposition@0.5.2
83 silly idealTree:prePrune ├── content-type@1.0.4
83 silly idealTree:prePrune ├── cookie-signature@1.0.6
83 silly idealTree:prePrune ├── cookie@0.3.1
83 silly idealTree:prePrune ├── copy-descriptor@0.1.1
83 silly idealTree:prePrune ├── core-util-is@1.0.2
83 silly idealTree:prePrune ├── crc@3.4.4
83 silly idealTree:prePrune ├── create-error-class@3.0.2
83 silly idealTree:prePrune ├── cross-spawn@5.1.0
83 silly idealTree:prePrune ├── crypto-random-string@1.0.0
83 silly idealTree:prePrune ├── css-parse@1.0.4
83 silly idealTree:prePrune ├── css-stringify@1.0.5
83 silly idealTree:prePrune ├── css@1.0.8
83 silly idealTree:prePrune ├── debug@2.6.9
83 silly idealTree:prePrune ├── decamelize@1.2.0
83 silly idealTree:prePrune ├── decode-uri-component@0.2.0
83 silly idealTree:prePrune ├── deep-extend@0.4.2
83 silly idealTree:prePrune ├── define-property@2.0.2
83 silly idealTree:prePrune ├── depd@1.1.2
83 silly idealTree:prePrune ├── destroy@1.0.4
83 silly idealTree:prePrune ├── dot-prop@4.2.0
83 silly idealTree:prePrune ├── duplexer@0.1.1
83 silly idealTree:prePrune ├── duplexer3@0.1.4
83 silly idealTree:prePrune ├── ee-first@1.1.1
83 silly idealTree:prePrune ├── encodeurl@1.0.2
83 silly idealTree:prePrune ├─┬ engine.io-client@3.2.1
83 silly idealTree:prePrune │ └── debug@3.1.0
83 silly idealTree:prePrune ├── engine.io-parser@2.1.2
83 silly idealTree:prePrune ├─┬ engine.io@3.2.0
83 silly idealTree:prePrune │ └── debug@3.1.0
83 silly idealTree:prePrune ├── escape-html@1.0.3
83 silly idealTree:prePrune ├── escape-string-regexp@1.0.5
83 silly idealTree:prePrune ├── etag@1.8.1
83 silly idealTree:prePrune ├── event-stream@3.3.4
83 silly idealTree:prePrune ├── execa@0.7.0
83 silly idealTree:prePrune ├─┬ expand-brackets@2.1.4
83 silly idealTree:prePrune │ ├── define-property@0.2.5
83 silly idealTree:prePrune │ ├── extend-shallow@2.0.1
83 silly idealTree:prePrune │ ├─┬ is-accessor-descriptor@0.1.6
83 silly idealTree:prePrune │ │ └── kind-of@3.2.2
83 silly idealTree:prePrune │ ├─┬ is-data-descriptor@0.1.4
83 silly idealTree:prePrune │ │ └── kind-of@3.2.2
83 silly idealTree:prePrune │ ├── is-descriptor@0.1.6
83 silly idealTree:prePrune │ └── kind-of@5.1.0
83 silly idealTree:prePrune ├── express-formidable@1.0.0
83 silly idealTree:prePrune ├── express-session@1.15.6
83 silly idealTree:prePrune ├─┬ express@4.16.2
83 silly idealTree:prePrune │ ├── setprototypeof@1.1.0
83 silly idealTree:prePrune │ └── statuses@1.3.1
83 silly idealTree:prePrune ├─┬ extend-shallow@3.0.2
83 silly idealTree:prePrune │ └── is-extendable@1.0.1
83 silly idealTree:prePrune ├─┬ extglob@2.0.4
83 silly idealTree:prePrune │ ├── define-property@1.0.0
83 silly idealTree:prePrune │ └── extend-shallow@2.0.1
83 silly idealTree:prePrune ├─┬ fill-range@4.0.0
83 silly idealTree:prePrune │ └── extend-shallow@2.0.1
83 silly idealTree:prePrune ├─┬ finalhandler@1.1.0
83 silly idealTree:prePrune │ └── statuses@1.3.1
83 silly idealTree:prePrune ├── for-in@1.0.2
83 silly idealTree:prePrune ├── formidable@1.2.1
83 silly idealTree:prePrune ├── forwarded@0.1.2
83 silly idealTree:prePrune ├── fragment-cache@0.2.1
83 silly idealTree:prePrune ├── fresh@0.5.2
83 silly idealTree:prePrune ├── from@0.1.7
83 silly idealTree:prePrune ├── get-stream@3.0.0
83 silly idealTree:prePrune ├── get-value@2.0.6
83 silly idealTree:prePrune ├─┬ glob-parent@3.1.0
83 silly idealTree:prePrune │ └── is-glob@3.1.0
83 silly idealTree:prePrune ├── global-dirs@0.1.1
83 silly idealTree:prePrune ├── got@6.7.1
83 silly idealTree:prePrune ├── graceful-fs@4.1.11
83 silly idealTree:prePrune ├── graceful-readlink@1.0.1
83 silly idealTree:prePrune ├─┬ has-binary2@1.0.2
83 silly idealTree:prePrune │ └── isarray@2.0.1
83 silly idealTree:prePrune ├── has-cors@1.1.0
83 silly idealTree:prePrune ├── has-flag@3.0.0
83 silly idealTree:prePrune ├── has-value@1.0.0
83 silly idealTree:prePrune ├─┬ has-values@1.0.0
83 silly idealTree:prePrune │ └── kind-of@4.0.0
83 silly idealTree:prePrune ├─┬ http-errors@1.6.2
83 silly idealTree:prePrune │ └── depd@1.1.1
83 silly idealTree:prePrune ├── iconv-lite@0.4.19
83 silly idealTree:prePrune ├── ignore-by-default@1.0.1
83 silly idealTree:prePrune ├── import-lazy@2.1.0
83 silly idealTree:prePrune ├── imurmurhash@0.1.4
83 silly idealTree:prePrune ├── indexof@0.0.1
83 silly idealTree:prePrune ├── inherits@2.0.3
83 silly idealTree:prePrune ├── ini@1.3.5
83 silly idealTree:prePrune ├── ipaddr.js@1.6.0
83 silly idealTree:prePrune ├─┬ is-accessor-descriptor@1.0.0
83 silly idealTree:prePrune │ └── kind-of@6.0.2
83 silly idealTree:prePrune ├── is-binary-path@1.0.1
83 silly idealTree:prePrune ├── is-buffer@1.1.6
83 silly idealTree:prePrune ├── is-ci@1.1.0
83 silly idealTree:prePrune ├─┬ is-data-descriptor@1.0.0
83 silly idealTree:prePrune │ └── kind-of@6.0.2
83 silly idealTree:prePrune ├─┬ is-descriptor@1.0.2
83 silly idealTree:prePrune │ └── kind-of@6.0.2
83 silly idealTree:prePrune ├── is-extendable@0.1.1
83 silly idealTree:prePrune ├── is-extglob@2.1.1
83 silly idealTree:prePrune ├── is-fullwidth-code-point@2.0.0
83 silly idealTree:prePrune ├── is-glob@4.0.0
83 silly idealTree:prePrune ├── is-installed-globally@0.1.0
83 silly idealTree:prePrune ├── is-npm@1.0.0
83 silly idealTree:prePrune ├── is-number@3.0.0
83 silly idealTree:prePrune ├── is-obj@1.0.1
83 silly idealTree:prePrune ├─┬ is-odd@2.0.0
83 silly idealTree:prePrune │ └── is-number@4.0.0
83 silly idealTree:prePrune ├── is-path-inside@1.0.1
83 silly idealTree:prePrune ├── is-plain-object@2.0.4
83 silly idealTree:prePrune ├── is-promise@2.1.0
83 silly idealTree:prePrune ├── is-redirect@1.0.0
83 silly idealTree:prePrune ├── is-retry-allowed@1.1.0
83 silly idealTree:prePrune ├── is-stream@1.1.0
83 silly idealTree:prePrune ├── is-windows@1.0.2
83 silly idealTree:prePrune ├── isarray@1.0.0
83 silly idealTree:prePrune ├── isexe@2.0.0
83 silly idealTree:prePrune ├── isobject@3.0.1
83 silly idealTree:prePrune ├── jade@1.11.0
83 silly idealTree:prePrune ├── jstransformer@0.0.2
83 silly idealTree:prePrune ├── kind-of@3.2.2
83 silly idealTree:prePrune ├── latest-version@3.1.0
83 silly idealTree:prePrune ├── lazy-cache@1.0.4
83 silly idealTree:prePrune ├── longest@1.0.1
83 silly idealTree:prePrune ├── lowercase-keys@1.0.1
83 silly idealTree:prePrune ├── lru-cache@4.1.2
83 silly idealTree:prePrune ├── make-dir@1.2.0
83 silly idealTree:prePrune ├── map-cache@0.2.2
83 silly idealTree:prePrune ├── map-stream@0.1.0
83 silly idealTree:prePrune ├── map-visit@1.0.0
83 silly idealTree:prePrune ├── material-design-icons@3.0.1
83 silly idealTree:prePrune ├── media-typer@0.3.0
83 silly idealTree:prePrune ├── merge-descriptors@1.0.1
83 silly idealTree:prePrune ├── methods@1.1.2
83 silly idealTree:prePrune ├─┬ micromatch@3.1.10
83 silly idealTree:prePrune │ └── kind-of@6.0.2
83 silly idealTree:prePrune ├── mime-db@1.33.0
83 silly idealTree:prePrune ├── mime-types@2.1.18
83 silly idealTree:prePrune ├── mime@1.4.1
83 silly idealTree:prePrune ├── minimatch@3.0.4
83 silly idealTree:prePrune ├── minimist@0.0.8
83 silly idealTree:prePrune ├─┬ mixin-deep@1.3.1
83 silly idealTree:prePrune │ └── is-extendable@1.0.1
83 silly idealTree:prePrune ├── mkdirp@0.5.1
83 silly idealTree:prePrune ├── ms@2.0.0
83 silly idealTree:prePrune ├── mysql@2.15.0
83 silly idealTree:prePrune ├─┬ nanomatch@1.2.9
83 silly idealTree:prePrune │ └── kind-of@6.0.2
83 silly idealTree:prePrune ├── negotiator@0.6.1
83 silly idealTree:prePrune ├─┬ nodemon@1.17.2
83 silly idealTree:prePrune │ └── debug@3.1.0
83 silly idealTree:prePrune ├── nopt@1.0.10
83 silly idealTree:prePrune ├── normalize-path@2.1.1
83 silly idealTree:prePrune ├── npm-run-path@2.0.2
83 silly idealTree:prePrune ├── object-component@0.0.3
83 silly idealTree:prePrune ├─┬ object-copy@0.1.0
83 silly idealTree:prePrune │ ├── define-property@0.2.5
83 silly idealTree:prePrune │ ├── is-accessor-descriptor@0.1.6
83 silly idealTree:prePrune │ ├── is-data-descriptor@0.1.4
83 silly idealTree:prePrune │ └─┬ is-descriptor@0.1.6
83 silly idealTree:prePrune │   └── kind-of@5.1.0
83 silly idealTree:prePrune ├── object-visit@1.0.1
83 silly idealTree:prePrune ├── object.pick@1.3.0
83 silly idealTree:prePrune ├── on-finished@2.3.0
83 silly idealTree:prePrune ├── on-headers@1.0.1
83 silly idealTree:prePrune ├── optimist@0.3.7
83 silly idealTree:prePrune ├── p-finally@1.0.0
83 silly idealTree:prePrune ├── package-json@4.0.1
83 silly idealTree:prePrune ├── parseqs@0.0.5
83 silly idealTree:prePrune ├── parseuri@0.0.5
83 silly idealTree:prePrune ├── parseurl@1.3.2
83 silly idealTree:prePrune ├── pascalcase@0.1.1
83 silly idealTree:prePrune ├── path-dirname@1.0.2
83 silly idealTree:prePrune ├── path-is-absolute@1.0.1
83 silly idealTree:prePrune ├── path-is-inside@1.0.2
83 silly idealTree:prePrune ├── path-key@2.0.1
83 silly idealTree:prePrune ├── path-to-regexp@0.1.7
83 silly idealTree:prePrune ├── pause-stream@0.0.11
83 silly idealTree:prePrune ├── pify@3.0.0
83 silly idealTree:prePrune ├── posix-character-classes@0.1.1
83 silly idealTree:prePrune ├── prepend-http@1.0.4
83 silly idealTree:prePrune ├── process-nextick-args@1.0.7
83 silly idealTree:prePrune ├── promise@6.1.0
83 silly idealTree:prePrune ├── proxy-addr@2.0.3
83 silly idealTree:prePrune ├── ps-tree@1.1.0
83 silly idealTree:prePrune ├── pseudomap@1.0.2
83 silly idealTree:prePrune ├── pstree.remy@1.1.0
83 silly idealTree:prePrune ├── qs@6.5.1
83 silly idealTree:prePrune ├── random-bytes@1.0.0
83 silly idealTree:prePrune ├── range-parser@1.2.0
83 silly idealTree:prePrune ├── raw-body@2.3.2
83 silly idealTree:prePrune ├─┬ rc@1.2.6
83 silly idealTree:prePrune │ └── minimist@1.2.0
83 silly idealTree:prePrune ├── readable-stream@2.3.3
83 silly idealTree:prePrune ├── readdirp@2.1.0
83 silly idealTree:prePrune ├── regex-not@1.0.2
83 silly idealTree:prePrune ├── registry-auth-token@3.3.2
83 silly idealTree:prePrune ├── registry-url@3.1.0
83 silly idealTree:prePrune ├── remove-trailing-separator@1.1.0
83 silly idealTree:prePrune ├── repeat-element@1.1.2
83 silly idealTree:prePrune ├── repeat-string@1.6.1
83 silly idealTree:prePrune ├── resolve-url@0.2.1
83 silly idealTree:prePrune ├── ret@0.1.15
83 silly idealTree:prePrune ├── right-align@0.1.3
83 silly idealTree:prePrune ├── safe-buffer@5.1.1
83 silly idealTree:prePrune ├── safe-regex@1.1.0
83 silly idealTree:prePrune ├── semver-diff@2.1.0
83 silly idealTree:prePrune ├── semver@5.5.0
83 silly idealTree:prePrune ├─┬ send@0.16.1
83 silly idealTree:prePrune │ └── statuses@1.3.1
83 silly idealTree:prePrune ├── serve-static@1.13.1
83 silly idealTree:prePrune ├── set-immediate-shim@1.0.1
83 silly idealTree:prePrune ├─┬ set-value@2.0.0
83 silly idealTree:prePrune │ └── extend-shallow@2.0.1
83 silly idealTree:prePrune ├── setprototypeof@1.0.3
83 silly idealTree:prePrune ├── shebang-command@1.2.0
83 silly idealTree:prePrune ├── shebang-regex@1.0.0
83 silly idealTree:prePrune ├── signal-exit@3.0.2
83 silly idealTree:prePrune ├─┬ snapdragon-node@2.1.1
83 silly idealTree:prePrune │ └── define-property@1.0.0
83 silly idealTree:prePrune ├── snapdragon-util@3.0.1
83 silly idealTree:prePrune ├─┬ snapdragon@0.8.2
83 silly idealTree:prePrune │ ├── define-property@0.2.5
83 silly idealTree:prePrune │ ├── extend-shallow@2.0.1
83 silly idealTree:prePrune │ ├─┬ is-accessor-descriptor@0.1.6
83 silly idealTree:prePrune │ │ └── kind-of@3.2.2
83 silly idealTree:prePrune │ ├─┬ is-data-descriptor@0.1.4
83 silly idealTree:prePrune │ │ └── kind-of@3.2.2
83 silly idealTree:prePrune │ ├── is-descriptor@0.1.6
83 silly idealTree:prePrune │ ├── kind-of@5.1.0
83 silly idealTree:prePrune │ └── source-map@0.5.7
83 silly idealTree:prePrune ├── socket.io-adapter@1.1.1
83 silly idealTree:prePrune ├─┬ socket.io-client@2.1.0
83 silly idealTree:prePrune │ └── debug@3.1.0
83 silly idealTree:prePrune ├─┬ socket.io-parser@3.2.0
83 silly idealTree:prePrune │ ├── debug@3.1.0
83 silly idealTree:prePrune │ └── isarray@2.0.1
83 silly idealTree:prePrune ├─┬ socket.io@2.1.0
83 silly idealTree:prePrune │ └── debug@3.1.0
83 silly idealTree:prePrune ├── socket.js@0.1.4
83 silly idealTree:prePrune ├── source-map-resolve@0.5.1
83 silly idealTree:prePrune ├── source-map-url@0.4.0
83 silly idealTree:prePrune ├── source-map@0.4.4
83 silly idealTree:prePrune ├── split-string@3.1.0
83 silly idealTree:prePrune ├── split@0.3.3
83 silly idealTree:prePrune ├── sqlstring@2.3.0
83 silly idealTree:prePrune ├─┬ static-extend@0.1.2
83 silly idealTree:prePrune │ ├── define-property@0.2.5
83 silly idealTree:prePrune │ ├─┬ is-accessor-descriptor@0.1.6
83 silly idealTree:prePrune │ │ └── kind-of@3.2.2
83 silly idealTree:prePrune │ ├─┬ is-data-descriptor@0.1.4
83 silly idealTree:prePrune │ │ └── kind-of@3.2.2
83 silly idealTree:prePrune │ ├── is-descriptor@0.1.6
83 silly idealTree:prePrune │ └── kind-of@5.1.0
83 silly idealTree:prePrune ├── statuses@1.4.0
83 silly idealTree:prePrune ├── stream-combiner@0.0.4
83 silly idealTree:prePrune ├── string_decoder@1.0.3
83 silly idealTree:prePrune ├── string-width@2.1.1
83 silly idealTree:prePrune ├── strip-ansi@4.0.0
83 silly idealTree:prePrune ├── strip-eof@1.0.0
83 silly idealTree:prePrune ├── strip-json-comments@2.0.1
83 silly idealTree:prePrune ├── supports-color@5.3.0
83 silly idealTree:prePrune ├── term-size@1.2.0
83 silly idealTree:prePrune ├── through@2.3.8
83 silly idealTree:prePrune ├── timed-out@4.0.1
83 silly idealTree:prePrune ├── to-array@0.1.4
83 silly idealTree:prePrune ├── to-object-path@0.3.0
83 silly idealTree:prePrune ├── to-regex-range@2.1.1
83 silly idealTree:prePrune ├── to-regex@3.0.2
83 silly idealTree:prePrune ├── touch@3.1.0
83 silly idealTree:prePrune ├─┬ transformers@2.1.0
83 silly idealTree:prePrune │ ├── is-promise@1.0.1
83 silly idealTree:prePrune │ ├── promise@2.0.0
83 silly idealTree:prePrune │ ├── source-map@0.1.43
83 silly idealTree:prePrune │ └── uglify-js@2.2.5
83 silly idealTree:prePrune ├── type-is@1.6.16
83 silly idealTree:prePrune ├─┬ uglify-js@2.8.29
83 silly idealTree:prePrune │ └── source-map@0.5.7
83 silly idealTree:prePrune ├── uglify-to-browserify@1.0.2
83 silly idealTree:prePrune ├── uid-safe@2.1.5
83 silly idealTree:prePrune ├── ultron@1.1.1
83 silly idealTree:prePrune ├── undefsafe@2.0.2
83 silly idealTree:prePrune ├─┬ union-value@1.0.0
83 silly idealTree:prePrune │ ├── extend-shallow@2.0.1
83 silly idealTree:prePrune │ └── set-value@0.4.3
83 silly idealTree:prePrune ├── unique-string@1.0.0
83 silly idealTree:prePrune ├── unpipe@1.0.0
83 silly idealTree:prePrune ├─┬ unset-value@1.0.0
83 silly idealTree:prePrune │ ├─┬ has-value@0.3.1
83 silly idealTree:prePrune │ │ └── isobject@2.1.0
83 silly idealTree:prePrune │ └── has-values@0.1.4
83 silly idealTree:prePrune ├── unzip-response@2.0.1
83 silly idealTree:prePrune ├── upath@1.0.4
83 silly idealTree:prePrune ├── update-notifier@2.4.0
83 silly idealTree:prePrune ├── urix@0.1.0
83 silly idealTree:prePrune ├── url-parse-lax@1.0.0
83 silly idealTree:prePrune ├─┬ use@3.1.0
83 silly idealTree:prePrune │ └── kind-of@6.0.2
83 silly idealTree:prePrune ├── util-deprecate@1.0.2
83 silly idealTree:prePrune ├── utils-merge@1.0.1
83 silly idealTree:prePrune ├── vary@1.1.2
83 silly idealTree:prePrune ├── void-elements@2.0.1
83 silly idealTree:prePrune ├── which@1.3.0
83 silly idealTree:prePrune ├── widest-line@2.0.0
83 silly idealTree:prePrune ├── window-size@0.1.0
83 silly idealTree:prePrune ├─┬ with@4.0.3
83 silly idealTree:prePrune │ └── acorn@1.2.2
83 silly idealTree:prePrune ├── wordwrap@0.0.3
83 silly idealTree:prePrune ├── write-file-atomic@2.3.0
83 silly idealTree:prePrune ├── ws@3.3.3
83 silly idealTree:prePrune ├── xdg-basedir@3.0.0
83 silly idealTree:prePrune ├── xmlhttprequest-ssl@1.5.5
83 silly idealTree:prePrune ├── yallist@2.1.2
83 silly idealTree:prePrune ├── yargs@3.10.0
83 silly idealTree:prePrune └── yeast@0.1.2
84 silly loadIdealTree Finishing
85 silly currentTree proyectosoftware@1.0.0
85 silly currentTree ├── abbrev@1.1.1
85 silly currentTree ├── accepts@1.3.5
85 silly currentTree ├── acorn-globals@1.0.9
85 silly currentTree ├── acorn@2.7.0
85 silly currentTree ├── after@0.8.2
85 silly currentTree ├── align-text@0.1.4
85 silly currentTree ├── amdefine@1.0.1
85 silly currentTree ├── ansi-align@2.0.0
85 silly currentTree ├── ansi-regex@3.0.0
85 silly currentTree ├── ansi-styles@3.2.1
85 silly currentTree ├── anymatch@2.0.0
85 silly currentTree ├── arr-diff@4.0.0
85 silly currentTree ├── arr-flatten@1.1.0
85 silly currentTree ├── arr-union@3.1.0
85 silly currentTree ├── array-flatten@1.1.1
85 silly currentTree ├── array-unique@0.3.2
85 silly currentTree ├── arraybuffer.slice@0.0.7
85 silly currentTree ├── asap@1.0.0
85 silly currentTree ├── assign-symbols@1.0.0
85 silly currentTree ├── async-each@1.0.1
85 silly currentTree ├── async-limiter@1.0.0
85 silly currentTree ├── atob@2.1.0
85 silly currentTree ├── backo2@1.0.2
85 silly currentTree ├── balanced-match@1.0.0
85 silly currentTree ├─┬ base@0.11.2
85 silly currentTree │ └── define-property@1.0.0
85 silly currentTree ├── base64-arraybuffer@0.1.5
85 silly currentTree ├── base64id@1.0.0
85 silly currentTree ├── better-assert@1.0.2
85 silly currentTree ├── bignumber.js@4.0.4
85 silly currentTree ├── binary-extensions@1.11.0
85 silly currentTree ├── blob@0.0.4
85 silly currentTree ├── body-parser@1.18.2
85 silly currentTree ├─┬ boxen@1.3.0
85 silly currentTree │ └── camelcase@4.1.0
85 silly currentTree ├── brace-expansion@1.1.11
85 silly currentTree ├─┬ braces@2.3.1
85 silly currentTree │ ├── define-property@1.0.0
85 silly currentTree │ ├── extend-shallow@2.0.1
85 silly currentTree │ └── kind-of@6.0.2
85 silly currentTree ├── bytes@3.0.0
85 silly currentTree ├── cache-base@1.0.1
85 silly currentTree ├── callsite@1.0.0
85 silly currentTree ├── camelcase@1.2.1
85 silly currentTree ├── capture-stack-trace@1.0.0
85 silly currentTree ├── center-align@0.1.3
85 silly currentTree ├── chalk@2.3.2
85 silly currentTree ├── character-parser@1.2.1
85 silly currentTree ├── chokidar@2.0.3
85 silly currentTree ├── ci-info@1.1.3
85 silly currentTree ├─┬ class-utils@0.3.6
85 silly currentTree │ ├── define-property@0.2.5
85 silly currentTree │ ├─┬ is-accessor-descriptor@0.1.6
85 silly currentTree │ │ └── kind-of@3.2.2
85 silly currentTree │ ├─┬ is-data-descriptor@0.1.4
85 silly currentTree │ │ └── kind-of@3.2.2
85 silly currentTree │ ├── is-descriptor@0.1.6
85 silly currentTree │ └── kind-of@5.1.0
85 silly currentTree ├─┬ clean-css@3.4.28
85 silly currentTree │ └── commander@2.8.1
85 silly currentTree ├── cli-boxes@1.0.0
85 silly currentTree ├─┬ cliui@2.1.0
85 silly currentTree │ └── wordwrap@0.0.2
85 silly currentTree ├── collection-visit@1.0.0
85 silly currentTree ├── color-convert@1.9.1
85 silly currentTree ├── color-name@1.1.3
85 silly currentTree ├── commander@2.6.0
85 silly currentTree ├── component-bind@1.0.0
85 silly currentTree ├── component-emitter@1.2.1
85 silly currentTree ├── component-inherit@0.0.3
85 silly currentTree ├── concat-map@0.0.1
85 silly currentTree ├── configstore@3.1.2
85 silly currentTree ├── constantinople@3.0.2
85 silly currentTree ├── content-disposition@0.5.2
85 silly currentTree ├── content-type@1.0.4
85 silly currentTree ├── cookie-signature@1.0.6
85 silly currentTree ├── cookie@0.3.1
85 silly currentTree ├── copy-descriptor@0.1.1
85 silly currentTree ├── core-util-is@1.0.2
85 silly currentTree ├── crc@3.4.4
85 silly currentTree ├── create-error-class@3.0.2
85 silly currentTree ├── cross-spawn@5.1.0
85 silly currentTree ├── crypto-random-string@1.0.0
85 silly currentTree ├── css-parse@1.0.4
85 silly currentTree ├── css-stringify@1.0.5
85 silly currentTree ├── css@1.0.8
85 silly currentTree ├── debug@2.6.9
85 silly currentTree ├── decamelize@1.2.0
85 silly currentTree ├── decode-uri-component@0.2.0
85 silly currentTree ├── deep-extend@0.4.2
85 silly currentTree ├── define-property@2.0.2
85 silly currentTree ├── depd@1.1.2
85 silly currentTree ├── destroy@1.0.4
85 silly currentTree ├── dot-prop@4.2.0
85 silly currentTree ├── duplexer@0.1.1
85 silly currentTree ├── duplexer3@0.1.4
85 silly currentTree ├── ee-first@1.1.1
85 silly currentTree ├── encodeurl@1.0.2
85 silly currentTree ├─┬ engine.io-client@3.2.1
85 silly currentTree │ └── debug@3.1.0
85 silly currentTree ├── engine.io-parser@2.1.2
85 silly currentTree ├─┬ engine.io@3.2.0
85 silly currentTree │ └── debug@3.1.0
85 silly currentTree ├── escape-html@1.0.3
85 silly currentTree ├── escape-string-regexp@1.0.5
85 silly currentTree ├── etag@1.8.1
85 silly currentTree ├── event-stream@3.3.4
85 silly currentTree ├── execa@0.7.0
85 silly currentTree ├─┬ expand-brackets@2.1.4
85 silly currentTree │ ├── define-property@0.2.5
85 silly currentTree │ ├── extend-shallow@2.0.1
85 silly currentTree │ ├─┬ is-accessor-descriptor@0.1.6
85 silly currentTree │ │ └── kind-of@3.2.2
85 silly currentTree │ ├─┬ is-data-descriptor@0.1.4
85 silly currentTree │ │ └── kind-of@3.2.2
85 silly currentTree │ ├── is-descriptor@0.1.6
85 silly currentTree │ └── kind-of@5.1.0
85 silly currentTree ├── express-formidable@1.0.0
85 silly currentTree ├── express-session@1.15.6
85 silly currentTree ├─┬ express@4.16.2
85 silly currentTree │ ├── setprototypeof@1.1.0
85 silly currentTree │ └── statuses@1.3.1
85 silly currentTree ├─┬ extend-shallow@3.0.2
85 silly currentTree │ └── is-extendable@1.0.1
85 silly currentTree ├─┬ extglob@2.0.4
85 silly currentTree │ ├── define-property@1.0.0
85 silly currentTree │ └── extend-shallow@2.0.1
85 silly currentTree ├─┬ fill-range@4.0.0
85 silly currentTree │ └── extend-shallow@2.0.1
85 silly currentTree ├─┬ finalhandler@1.1.0
85 silly currentTree │ └── statuses@1.3.1
85 silly currentTree ├── for-in@1.0.2
85 silly currentTree ├── formidable@1.2.1
85 silly currentTree ├── forwarded@0.1.2
85 silly currentTree ├── fragment-cache@0.2.1
85 silly currentTree ├── fresh@0.5.2
85 silly currentTree ├── from@0.1.7
85 silly currentTree ├── get-stream@3.0.0
85 silly currentTree ├── get-value@2.0.6
85 silly currentTree ├─┬ glob-parent@3.1.0
85 silly currentTree │ └── is-glob@3.1.0
85 silly currentTree ├── global-dirs@0.1.1
85 silly currentTree ├── got@6.7.1
85 silly currentTree ├── graceful-fs@4.1.11
85 silly currentTree ├── graceful-readlink@1.0.1
85 silly currentTree ├─┬ has-binary2@1.0.2
85 silly currentTree │ └── isarray@2.0.1
85 silly currentTree ├── has-cors@1.1.0
85 silly currentTree ├── has-flag@3.0.0
85 silly currentTree ├── has-value@1.0.0
85 silly currentTree ├─┬ has-values@1.0.0
85 silly currentTree │ └── kind-of@4.0.0
85 silly currentTree ├─┬ http-errors@1.6.2
85 silly currentTree │ └── depd@1.1.1
85 silly currentTree ├── iconv-lite@0.4.19
85 silly currentTree ├── ignore-by-default@1.0.1
85 silly currentTree ├── import-lazy@2.1.0
85 silly currentTree ├── imurmurhash@0.1.4
85 silly currentTree ├── indexof@0.0.1
85 silly currentTree ├── inherits@2.0.3
85 silly currentTree ├── ini@1.3.5
85 silly currentTree ├── ipaddr.js@1.6.0
85 silly currentTree ├─┬ is-accessor-descriptor@1.0.0
85 silly currentTree │ └── kind-of@6.0.2
85 silly currentTree ├── is-binary-path@1.0.1
85 silly currentTree ├── is-buffer@1.1.6
85 silly currentTree ├── is-ci@1.1.0
85 silly currentTree ├─┬ is-data-descriptor@1.0.0
85 silly currentTree │ └── kind-of@6.0.2
85 silly currentTree ├─┬ is-descriptor@1.0.2
85 silly currentTree │ └── kind-of@6.0.2
85 silly currentTree ├── is-extendable@0.1.1
85 silly currentTree ├── is-extglob@2.1.1
85 silly currentTree ├── is-fullwidth-code-point@2.0.0
85 silly currentTree ├── is-glob@4.0.0
85 silly currentTree ├── is-installed-globally@0.1.0
85 silly currentTree ├── is-npm@1.0.0
85 silly currentTree ├── is-number@3.0.0
85 silly currentTree ├── is-obj@1.0.1
85 silly currentTree ├─┬ is-odd@2.0.0
85 silly currentTree │ └── is-number@4.0.0
85 silly currentTree ├── is-path-inside@1.0.1
85 silly currentTree ├── is-plain-object@2.0.4
85 silly currentTree ├── is-promise@2.1.0
85 silly currentTree ├── is-redirect@1.0.0
85 silly currentTree ├── is-retry-allowed@1.1.0
85 silly currentTree ├── is-stream@1.1.0
85 silly currentTree ├── is-windows@1.0.2
85 silly currentTree ├── isarray@1.0.0
85 silly currentTree ├── isexe@2.0.0
85 silly currentTree ├── isobject@3.0.1
85 silly currentTree ├── jade@1.11.0
85 silly currentTree ├── jstransformer@0.0.2
85 silly currentTree ├── kind-of@3.2.2
85 silly currentTree ├── latest-version@3.1.0
85 silly currentTree ├── lazy-cache@1.0.4
85 silly currentTree ├── longest@1.0.1
85 silly currentTree ├── lowercase-keys@1.0.1
85 silly currentTree ├── lru-cache@4.1.2
85 silly currentTree ├── make-dir@1.2.0
85 silly currentTree ├── map-cache@0.2.2
85 silly currentTree ├── map-stream@0.1.0
85 silly currentTree ├── map-visit@1.0.0
85 silly currentTree ├── media-typer@0.3.0
85 silly currentTree ├── merge-descriptors@1.0.1
85 silly currentTree ├── methods@1.1.2
85 silly currentTree ├─┬ micromatch@3.1.10
85 silly currentTree │ └── kind-of@6.0.2
85 silly currentTree ├── mime-db@1.33.0
85 silly currentTree ├── mime-types@2.1.18
85 silly currentTree ├── mime@1.4.1
85 silly currentTree ├── minimatch@3.0.4
85 silly currentTree ├── minimist@0.0.8
85 silly currentTree ├─┬ mixin-deep@1.3.1
85 silly currentTree │ └── is-extendable@1.0.1
85 silly currentTree ├── mkdirp@0.5.1
85 silly currentTree ├── ms@2.0.0
85 silly currentTree ├── mysql@2.15.0
85 silly currentTree ├─┬ nanomatch@1.2.9
85 silly currentTree │ └── kind-of@6.0.2
85 silly currentTree ├── negotiator@0.6.1
85 silly currentTree ├─┬ nodemon@1.17.2
85 silly currentTree │ └── debug@3.1.0
85 silly currentTree ├── nopt@1.0.10
85 silly currentTree ├── normalize-path@2.1.1
85 silly currentTree ├── npm-run-path@2.0.2
85 silly currentTree ├── object-component@0.0.3
85 silly currentTree ├─┬ object-copy@0.1.0
85 silly currentTree │ ├── define-property@0.2.5
85 silly currentTree │ ├── is-accessor-descriptor@0.1.6
85 silly currentTree │ ├── is-data-descriptor@0.1.4
85 silly currentTree │ └─┬ is-descriptor@0.1.6
85 silly currentTree │   └── kind-of@5.1.0
85 silly currentTree ├── object-visit@1.0.1
85 silly currentTree ├── object.pick@1.3.0
85 silly currentTree ├── on-finished@2.3.0
85 silly currentTree ├── on-headers@1.0.1
85 silly currentTree ├── optimist@0.3.7
85 silly currentTree ├── p-finally@1.0.0
85 silly currentTree ├── package-json@4.0.1
85 silly currentTree ├── parseqs@0.0.5
85 silly currentTree ├── parseuri@0.0.5
85 silly currentTree ├── parseurl@1.3.2
85 silly currentTree ├── pascalcase@0.1.1
85 silly currentTree ├── path-dirname@1.0.2
85 silly currentTree ├── path-is-absolute@1.0.1
85 silly currentTree ├── path-is-inside@1.0.2
85 silly currentTree ├── path-key@2.0.1
85 silly currentTree ├── path-to-regexp@0.1.7
85 silly currentTree ├── pause-stream@0.0.11
85 silly currentTree ├── pify@3.0.0
85 silly currentTree ├── posix-character-classes@0.1.1
85 silly currentTree ├── prepend-http@1.0.4
85 silly currentTree ├── process-nextick-args@1.0.7
85 silly currentTree ├── promise@6.1.0
85 silly currentTree ├── proxy-addr@2.0.3
85 silly currentTree ├── ps-tree@1.1.0
85 silly currentTree ├── pseudomap@1.0.2
85 silly currentTree ├── pstree.remy@1.1.0
85 silly currentTree ├── qs@6.5.1
85 silly currentTree ├── random-bytes@1.0.0
85 silly currentTree ├── range-parser@1.2.0
85 silly currentTree ├── raw-body@2.3.2
85 silly currentTree ├─┬ rc@1.2.6
85 silly currentTree │ └── minimist@1.2.0
85 silly currentTree ├── readable-stream@2.3.3
85 silly currentTree ├── readdirp@2.1.0
85 silly currentTree ├── regex-not@1.0.2
85 silly currentTree ├── registry-auth-token@3.3.2
85 silly currentTree ├── registry-url@3.1.0
85 silly currentTree ├── remove-trailing-separator@1.1.0
85 silly currentTree ├── repeat-element@1.1.2
85 silly currentTree ├── repeat-string@1.6.1
85 silly currentTree ├── resolve-url@0.2.1
85 silly currentTree ├── ret@0.1.15
85 silly currentTree ├── right-align@0.1.3
85 silly currentTree ├── safe-buffer@5.1.1
85 silly currentTree ├── safe-regex@1.1.0
85 silly currentTree ├── semver-diff@2.1.0
85 silly currentTree ├── semver@5.5.0
85 silly currentTree ├─┬ send@0.16.1
85 silly currentTree │ └── statuses@1.3.1
85 silly currentTree ├── serve-static@1.13.1
85 silly currentTree ├── set-immediate-shim@1.0.1
85 silly currentTree ├─┬ set-value@2.0.0
85 silly currentTree │ └── extend-shallow@2.0.1
85 silly currentTree ├── setprototypeof@1.0.3
85 silly currentTree ├── shebang-command@1.2.0
85 silly currentTree ├── shebang-regex@1.0.0
85 silly currentTree ├── signal-exit@3.0.2
85 silly currentTree ├─┬ snapdragon-node@2.1.1
85 silly currentTree │ └── define-property@1.0.0
85 silly currentTree ├── snapdragon-util@3.0.1
85 silly currentTree ├─┬ snapdragon@0.8.2
85 silly currentTree │ ├── define-property@0.2.5
85 silly currentTree │ ├── extend-shallow@2.0.1
85 silly currentTree │ ├─┬ is-accessor-descriptor@0.1.6
85 silly currentTree │ │ └── kind-of@3.2.2
85 silly currentTree │ ├─┬ is-data-descriptor@0.1.4
85 silly currentTree │ │ └── kind-of@3.2.2
85 silly currentTree │ ├── is-descriptor@0.1.6
85 silly currentTree │ ├── kind-of@5.1.0
85 silly currentTree │ └── source-map@0.5.7
85 silly currentTree ├── socket.io-adapter@1.1.1
85 silly currentTree ├─┬ socket.io-client@2.1.0
85 silly currentTree │ └── debug@3.1.0
85 silly currentTree ├─┬ socket.io-parser@3.2.0
85 silly currentTree │ ├── debug@3.1.0
85 silly currentTree │ └── isarray@2.0.1
85 silly currentTree ├─┬ socket.io@2.1.0
85 silly currentTree │ └── debug@3.1.0
85 silly currentTree ├── socket.js@0.1.4
85 silly currentTree ├── source-map-resolve@0.5.1
85 silly currentTree ├── source-map-url@0.4.0
85 silly currentTree ├── source-map@0.4.4
85 silly currentTree ├── split-string@3.1.0
85 silly currentTree ├── split@0.3.3
85 silly currentTree ├── sqlstring@2.3.0
85 silly currentTree ├─┬ static-extend@0.1.2
85 silly currentTree │ ├── define-property@0.2.5
85 silly currentTree │ ├─┬ is-accessor-descriptor@0.1.6
85 silly currentTree │ │ └── kind-of@3.2.2
85 silly currentTree │ ├─┬ is-data-descriptor@0.1.4
85 silly currentTree │ │ └── kind-of@3.2.2
85 silly currentTree │ ├── is-descriptor@0.1.6
85 silly currentTree │ └── kind-of@5.1.0
85 silly currentTree ├── statuses@1.4.0
85 silly currentTree ├── stream-combiner@0.0.4
85 silly currentTree ├── string_decoder@1.0.3
85 silly currentTree ├── string-width@2.1.1
85 silly currentTree ├── strip-ansi@4.0.0
85 silly currentTree ├── strip-eof@1.0.0
85 silly currentTree ├── strip-json-comments@2.0.1
85 silly currentTree ├── supports-color@5.3.0
85 silly currentTree ├── term-size@1.2.0
85 silly currentTree ├── through@2.3.8
85 silly currentTree ├── timed-out@4.0.1
85 silly currentTree ├── to-array@0.1.4
85 silly currentTree ├── to-object-path@0.3.0
85 silly currentTree ├── to-regex-range@2.1.1
85 silly currentTree ├── to-regex@3.0.2
85 silly currentTree ├── touch@3.1.0
85 silly currentTree ├─┬ transformers@2.1.0
85 silly currentTree │ ├── is-promise@1.0.1
85 silly currentTree │ ├── promise@2.0.0
85 silly currentTree │ ├── source-map@0.1.43
85 silly currentTree │ └── uglify-js@2.2.5
85 silly currentTree ├── type-is@1.6.16
85 silly currentTree ├─┬ uglify-js@2.8.29
85 silly currentTree │ └── source-map@0.5.7
85 silly currentTree ├── uglify-to-browserify@1.0.2
85 silly currentTree ├── uid-safe@2.1.5
85 silly currentTree ├── ultron@1.1.1
85 silly currentTree ├── undefsafe@2.0.2
85 silly currentTree ├─┬ union-value@1.0.0
85 silly currentTree │ ├── extend-shallow@2.0.1
85 silly currentTree │ └── set-value@0.4.3
85 silly currentTree ├── unique-string@1.0.0
85 silly currentTree ├── unpipe@1.0.0
85 silly currentTree ├─┬ unset-value@1.0.0
85 silly currentTree │ ├─┬ has-value@0.3.1
85 silly currentTree │ │ └── isobject@2.1.0
85 silly currentTree │ └── has-values@0.1.4
85 silly currentTree ├── unzip-response@2.0.1
85 silly currentTree ├── upath@1.0.4
85 silly currentTree ├── update-notifier@2.4.0
85 silly currentTree ├── urix@0.1.0
85 silly currentTree ├── url-parse-lax@1.0.0
85 silly currentTree ├─┬ use@3.1.0
85 silly currentTree │ └── kind-of@6.0.2
85 silly currentTree ├── util-deprecate@1.0.2
85 silly currentTree ├── utils-merge@1.0.1
85 silly currentTree ├── vary@1.1.2
85 silly currentTree ├── void-elements@2.0.1
85 silly currentTree ├── which@1.3.0
85 silly currentTree ├── widest-line@2.0.0
85 silly currentTree ├── window-size@0.1.0
85 silly currentTree ├─┬ with@4.0.3
85 silly currentTree │ └── acorn@1.2.2
85 silly currentTree ├── wordwrap@0.0.3
85 silly currentTree ├── write-file-atomic@2.3.0
85 silly currentTree ├── ws@3.3.3
85 silly currentTree ├── xdg-basedir@3.0.0
85 silly currentTree ├── xmlhttprequest-ssl@1.5.5
85 silly currentTree ├── yallist@2.1.2
85 silly currentTree ├── yargs@3.10.0
85 silly currentTree └── yeast@0.1.2
86 silly idealTree proyectosoftware@1.0.0
86 silly idealTree ├── abbrev@1.1.1
86 silly idealTree ├── accepts@1.3.5
86 silly idealTree ├── acorn-globals@1.0.9
86 silly idealTree ├── acorn@2.7.0
86 silly idealTree ├── after@0.8.2
86 silly idealTree ├── align-text@0.1.4
86 silly idealTree ├── amdefine@1.0.1
86 silly idealTree ├── ansi-align@2.0.0
86 silly idealTree ├── ansi-regex@3.0.0
86 silly idealTree ├── ansi-styles@3.2.1
86 silly idealTree ├── anymatch@2.0.0
86 silly idealTree ├── arr-diff@4.0.0
86 silly idealTree ├── arr-flatten@1.1.0
86 silly idealTree ├── arr-union@3.1.0
86 silly idealTree ├── array-flatten@1.1.1
86 silly idealTree ├── array-unique@0.3.2
86 silly idealTree ├── arraybuffer.slice@0.0.7
86 silly idealTree ├── asap@1.0.0
86 silly idealTree ├── assign-symbols@1.0.0
86 silly idealTree ├── async-each@1.0.1
86 silly idealTree ├── async-limiter@1.0.0
86 silly idealTree ├── atob@2.1.0
86 silly idealTree ├── backo2@1.0.2
86 silly idealTree ├── balanced-match@1.0.0
86 silly idealTree ├─┬ base@0.11.2
86 silly idealTree │ └── define-property@1.0.0
86 silly idealTree ├── base64-arraybuffer@0.1.5
86 silly idealTree ├── base64id@1.0.0
86 silly idealTree ├── better-assert@1.0.2
86 silly idealTree ├── bignumber.js@4.0.4
86 silly idealTree ├── binary-extensions@1.11.0
86 silly idealTree ├── blob@0.0.4
86 silly idealTree ├── body-parser@1.18.2
86 silly idealTree ├─┬ boxen@1.3.0
86 silly idealTree │ └── camelcase@4.1.0
86 silly idealTree ├── brace-expansion@1.1.11
86 silly idealTree ├─┬ braces@2.3.1
86 silly idealTree │ ├── define-property@1.0.0
86 silly idealTree │ ├── extend-shallow@2.0.1
86 silly idealTree │ └── kind-of@6.0.2
86 silly idealTree ├── bytes@3.0.0
86 silly idealTree ├── cache-base@1.0.1
86 silly idealTree ├── callsite@1.0.0
86 silly idealTree ├── camelcase@1.2.1
86 silly idealTree ├── capture-stack-trace@1.0.0
86 silly idealTree ├── center-align@0.1.3
86 silly idealTree ├── chalk@2.3.2
86 silly idealTree ├── character-parser@1.2.1
86 silly idealTree ├── chokidar@2.0.3
86 silly idealTree ├── ci-info@1.1.3
86 silly idealTree ├─┬ class-utils@0.3.6
86 silly idealTree │ ├── define-property@0.2.5
86 silly idealTree │ ├─┬ is-accessor-descriptor@0.1.6
86 silly idealTree │ │ └── kind-of@3.2.2
86 silly idealTree │ ├─┬ is-data-descriptor@0.1.4
86 silly idealTree │ │ └── kind-of@3.2.2
86 silly idealTree │ ├── is-descriptor@0.1.6
86 silly idealTree │ └── kind-of@5.1.0
86 silly idealTree ├─┬ clean-css@3.4.28
86 silly idealTree │ └── commander@2.8.1
86 silly idealTree ├── cli-boxes@1.0.0
86 silly idealTree ├─┬ cliui@2.1.0
86 silly idealTree │ └── wordwrap@0.0.2
86 silly idealTree ├── collection-visit@1.0.0
86 silly idealTree ├── color-convert@1.9.1
86 silly idealTree ├── color-name@1.1.3
86 silly idealTree ├── commander@2.6.0
86 silly idealTree ├── component-bind@1.0.0
86 silly idealTree ├── component-emitter@1.2.1
86 silly idealTree ├── component-inherit@0.0.3
86 silly idealTree ├── concat-map@0.0.1
86 silly idealTree ├── configstore@3.1.2
86 silly idealTree ├── constantinople@3.0.2
86 silly idealTree ├── content-disposition@0.5.2
86 silly idealTree ├── content-type@1.0.4
86 silly idealTree ├── cookie-signature@1.0.6
86 silly idealTree ├── cookie@0.3.1
86 silly idealTree ├── copy-descriptor@0.1.1
86 silly idealTree ├── core-util-is@1.0.2
86 silly idealTree ├── crc@3.4.4
86 silly idealTree ├── create-error-class@3.0.2
86 silly idealTree ├── cross-spawn@5.1.0
86 silly idealTree ├── crypto-random-string@1.0.0
86 silly idealTree ├── css-parse@1.0.4
86 silly idealTree ├── css-stringify@1.0.5
86 silly idealTree ├── css@1.0.8
86 silly idealTree ├── debug@2.6.9
86 silly idealTree ├── decamelize@1.2.0
86 silly idealTree ├── decode-uri-component@0.2.0
86 silly idealTree ├── deep-extend@0.4.2
86 silly idealTree ├── define-property@2.0.2
86 silly idealTree ├── depd@1.1.2
86 silly idealTree ├── destroy@1.0.4
86 silly idealTree ├── dot-prop@4.2.0
86 silly idealTree ├── duplexer@0.1.1
86 silly idealTree ├── duplexer3@0.1.4
86 silly idealTree ├── ee-first@1.1.1
86 silly idealTree ├── encodeurl@1.0.2
86 silly idealTree ├─┬ engine.io-client@3.2.1
86 silly idealTree │ └── debug@3.1.0
86 silly idealTree ├── engine.io-parser@2.1.2
86 silly idealTree ├─┬ engine.io@3.2.0
86 silly idealTree │ └── debug@3.1.0
86 silly idealTree ├── escape-html@1.0.3
86 silly idealTree ├── escape-string-regexp@1.0.5
86 silly idealTree ├── etag@1.8.1
86 silly idealTree ├── event-stream@3.3.4
86 silly idealTree ├── execa@0.7.0
86 silly idealTree ├─┬ expand-brackets@2.1.4
86 silly idealTree │ ├── define-property@0.2.5
86 silly idealTree │ ├── extend-shallow@2.0.1
86 silly idealTree │ ├─┬ is-accessor-descriptor@0.1.6
86 silly idealTree │ │ └── kind-of@3.2.2
86 silly idealTree │ ├─┬ is-data-descriptor@0.1.4
86 silly idealTree │ │ └── kind-of@3.2.2
86 silly idealTree │ ├── is-descriptor@0.1.6
86 silly idealTree │ └── kind-of@5.1.0
86 silly idealTree ├── express-formidable@1.0.0
86 silly idealTree ├── express-session@1.15.6
86 silly idealTree ├─┬ express@4.16.2
86 silly idealTree │ ├── setprototypeof@1.1.0
86 silly idealTree │ └── statuses@1.3.1
86 silly idealTree ├─┬ extend-shallow@3.0.2
86 silly idealTree │ └── is-extendable@1.0.1
86 silly idealTree ├─┬ extglob@2.0.4
86 silly idealTree │ ├── define-property@1.0.0
86 silly idealTree │ └── extend-shallow@2.0.1
86 silly idealTree ├─┬ fill-range@4.0.0
86 silly idealTree │ └── extend-shallow@2.0.1
86 silly idealTree ├─┬ finalhandler@1.1.0
86 silly idealTree │ └── statuses@1.3.1
86 silly idealTree ├── for-in@1.0.2
86 silly idealTree ├── formidable@1.2.1
86 silly idealTree ├── forwarded@0.1.2
86 silly idealTree ├── fragment-cache@0.2.1
86 silly idealTree ├── fresh@0.5.2
86 silly idealTree ├── from@0.1.7
86 silly idealTree ├── get-stream@3.0.0
86 silly idealTree ├── get-value@2.0.6
86 silly idealTree ├─┬ glob-parent@3.1.0
86 silly idealTree │ └── is-glob@3.1.0
86 silly idealTree ├── global-dirs@0.1.1
86 silly idealTree ├── got@6.7.1
86 silly idealTree ├── graceful-fs@4.1.11
86 silly idealTree ├── graceful-readlink@1.0.1
86 silly idealTree ├─┬ has-binary2@1.0.2
86 silly idealTree │ └── isarray@2.0.1
86 silly idealTree ├── has-cors@1.1.0
86 silly idealTree ├── has-flag@3.0.0
86 silly idealTree ├── has-value@1.0.0
86 silly idealTree ├─┬ has-values@1.0.0
86 silly idealTree │ └── kind-of@4.0.0
86 silly idealTree ├─┬ http-errors@1.6.2
86 silly idealTree │ └── depd@1.1.1
86 silly idealTree ├── iconv-lite@0.4.19
86 silly idealTree ├── ignore-by-default@1.0.1
86 silly idealTree ├── import-lazy@2.1.0
86 silly idealTree ├── imurmurhash@0.1.4
86 silly idealTree ├── indexof@0.0.1
86 silly idealTree ├── inherits@2.0.3
86 silly idealTree ├── ini@1.3.5
86 silly idealTree ├── ipaddr.js@1.6.0
86 silly idealTree ├─┬ is-accessor-descriptor@1.0.0
86 silly idealTree │ └── kind-of@6.0.2
86 silly idealTree ├── is-binary-path@1.0.1
86 silly idealTree ├── is-buffer@1.1.6
86 silly idealTree ├── is-ci@1.1.0
86 silly idealTree ├─┬ is-data-descriptor@1.0.0
86 silly idealTree │ └── kind-of@6.0.2
86 silly idealTree ├─┬ is-descriptor@1.0.2
86 silly idealTree │ └── kind-of@6.0.2
86 silly idealTree ├── is-extendable@0.1.1
86 silly idealTree ├── is-extglob@2.1.1
86 silly idealTree ├── is-fullwidth-code-point@2.0.0
86 silly idealTree ├── is-glob@4.0.0
86 silly idealTree ├── is-installed-globally@0.1.0
86 silly idealTree ├── is-npm@1.0.0
86 silly idealTree ├── is-number@3.0.0
86 silly idealTree ├── is-obj@1.0.1
86 silly idealTree ├─┬ is-odd@2.0.0
86 silly idealTree │ └── is-number@4.0.0
86 silly idealTree ├── is-path-inside@1.0.1
86 silly idealTree ├── is-plain-object@2.0.4
86 silly idealTree ├── is-promise@2.1.0
86 silly idealTree ├── is-redirect@1.0.0
86 silly idealTree ├── is-retry-allowed@1.1.0
86 silly idealTree ├── is-stream@1.1.0
86 silly idealTree ├── is-windows@1.0.2
86 silly idealTree ├── isarray@1.0.0
86 silly idealTree ├── isexe@2.0.0
86 silly idealTree ├── isobject@3.0.1
86 silly idealTree ├── jade@1.11.0
86 silly idealTree ├── jstransformer@0.0.2
86 silly idealTree ├── kind-of@3.2.2
86 silly idealTree ├── latest-version@3.1.0
86 silly idealTree ├── lazy-cache@1.0.4
86 silly idealTree ├── longest@1.0.1
86 silly idealTree ├── lowercase-keys@1.0.1
86 silly idealTree ├── lru-cache@4.1.2
86 silly idealTree ├── make-dir@1.2.0
86 silly idealTree ├── map-cache@0.2.2
86 silly idealTree ├── map-stream@0.1.0
86 silly idealTree ├── map-visit@1.0.0
86 silly idealTree ├── material-design-icons@3.0.1
86 silly idealTree ├── media-typer@0.3.0
86 silly idealTree ├── merge-descriptors@1.0.1
86 silly idealTree ├── methods@1.1.2
86 silly idealTree ├─┬ micromatch@3.1.10
86 silly idealTree │ └── kind-of@6.0.2
86 silly idealTree ├── mime-db@1.33.0
86 silly idealTree ├── mime-types@2.1.18
86 silly idealTree ├── mime@1.4.1
86 silly idealTree ├── minimatch@3.0.4
86 silly idealTree ├── minimist@0.0.8
86 silly idealTree ├─┬ mixin-deep@1.3.1
86 silly idealTree │ └── is-extendable@1.0.1
86 silly idealTree ├── mkdirp@0.5.1
86 silly idealTree ├── ms@2.0.0
86 silly idealTree ├── mysql@2.15.0
86 silly idealTree ├─┬ nanomatch@1.2.9
86 silly idealTree │ └── kind-of@6.0.2
86 silly idealTree ├── negotiator@0.6.1
86 silly idealTree ├─┬ nodemon@1.17.2
86 silly idealTree │ └── debug@3.1.0
86 silly idealTree ├── nopt@1.0.10
86 silly idealTree ├── normalize-path@2.1.1
86 silly idealTree ├── npm-run-path@2.0.2
86 silly idealTree ├── object-component@0.0.3
86 silly idealTree ├─┬ object-copy@0.1.0
86 silly idealTree │ ├── define-property@0.2.5
86 silly idealTree │ ├── is-accessor-descriptor@0.1.6
86 silly idealTree │ ├── is-data-descriptor@0.1.4
86 silly idealTree │ └─┬ is-descriptor@0.1.6
86 silly idealTree │   └── kind-of@5.1.0
86 silly idealTree ├── object-visit@1.0.1
86 silly idealTree ├── object.pick@1.3.0
86 silly idealTree ├── on-finished@2.3.0
86 silly idealTree ├── on-headers@1.0.1
86 silly idealTree ├── optimist@0.3.7
86 silly idealTree ├── p-finally@1.0.0
86 silly idealTree ├── package-json@4.0.1
86 silly idealTree ├── parseqs@0.0.5
86 silly idealTree ├── parseuri@0.0.5
86 silly idealTree ├── parseurl@1.3.2
86 silly idealTree ├── pascalcase@0.1.1
86 silly idealTree ├── path-dirname@1.0.2
86 silly idealTree ├── path-is-absolute@1.0.1
86 silly idealTree ├── path-is-inside@1.0.2
86 silly idealTree ├── path-key@2.0.1
86 silly idealTree ├── path-to-regexp@0.1.7
86 silly idealTree ├── pause-stream@0.0.11
86 silly idealTree ├── pify@3.0.0
86 silly idealTree ├── posix-character-classes@0.1.1
86 silly idealTree ├── prepend-http@1.0.4
86 silly idealTree ├── process-nextick-args@1.0.7
86 silly idealTree ├── promise@6.1.0
86 silly idealTree ├── proxy-addr@2.0.3
86 silly idealTree ├── ps-tree@1.1.0
86 silly idealTree ├── pseudomap@1.0.2
86 silly idealTree ├── pstree.remy@1.1.0
86 silly idealTree ├── qs@6.5.1
86 silly idealTree ├── random-bytes@1.0.0
86 silly idealTree ├── range-parser@1.2.0
86 silly idealTree ├── raw-body@2.3.2
86 silly idealTree ├─┬ rc@1.2.6
86 silly idealTree │ └── minimist@1.2.0
86 silly idealTree ├── readable-stream@2.3.3
86 silly idealTree ├── readdirp@2.1.0
86 silly idealTree ├── regex-not@1.0.2
86 silly idealTree ├── registry-auth-token@3.3.2
86 silly idealTree ├── registry-url@3.1.0
86 silly idealTree ├── remove-trailing-separator@1.1.0
86 silly idealTree ├── repeat-element@1.1.2
86 silly idealTree ├── repeat-string@1.6.1
86 silly idealTree ├── resolve-url@0.2.1
86 silly idealTree ├── ret@0.1.15
86 silly idealTree ├── right-align@0.1.3
86 silly idealTree ├── safe-buffer@5.1.1
86 silly idealTree ├── safe-regex@1.1.0
86 silly idealTree ├── semver-diff@2.1.0
86 silly idealTree ├── semver@5.5.0
86 silly idealTree ├─┬ send@0.16.1
86 silly idealTree │ └── statuses@1.3.1
86 silly idealTree ├── serve-static@1.13.1
86 silly idealTree ├── set-immediate-shim@1.0.1
86 silly idealTree ├─┬ set-value@2.0.0
86 silly idealTree │ └── extend-shallow@2.0.1
86 silly idealTree ├── setprototypeof@1.0.3
86 silly idealTree ├── shebang-command@1.2.0
86 silly idealTree ├── shebang-regex@1.0.0
86 silly idealTree ├── signal-exit@3.0.2
86 silly idealTree ├─┬ snapdragon-node@2.1.1
86 silly idealTree │ └── define-property@1.0.0
86 silly idealTree ├── snapdragon-util@3.0.1
86 silly idealTree ├─┬ snapdragon@0.8.2
86 silly idealTree │ ├── define-property@0.2.5
86 silly idealTree │ ├── extend-shallow@2.0.1
86 silly idealTree │ ├─┬ is-accessor-descriptor@0.1.6
86 silly idealTree │ │ └── kind-of@3.2.2
86 silly idealTree │ ├─┬ is-data-descriptor@0.1.4
86 silly idealTree │ │ └── kind-of@3.2.2
86 silly idealTree │ ├── is-descriptor@0.1.6
86 silly idealTree │ ├── kind-of@5.1.0
86 silly idealTree │ └── source-map@0.5.7
86 silly idealTree ├── socket.io-adapter@1.1.1
86 silly idealTree ├─┬ socket.io-client@2.1.0
86 silly idealTree │ └── debug@3.1.0
86 silly idealTree ├─┬ socket.io-parser@3.2.0
86 silly idealTree │ ├── debug@3.1.0
86 silly idealTree │ └── isarray@2.0.1
86 silly idealTree ├─┬ socket.io@2.1.0
86 silly idealTree │ └── debug@3.1.0
86 silly idealTree ├── socket.js@0.1.4
86 silly idealTree ├── source-map-resolve@0.5.1
86 silly idealTree ├── source-map-url@0.4.0
86 silly idealTree ├── source-map@0.4.4
86 silly idealTree ├── split-string@3.1.0
86 silly idealTree ├── split@0.3.3
86 silly idealTree ├── sqlstring@2.3.0
86 silly idealTree ├─┬ static-extend@0.1.2
86 silly idealTree │ ├── define-property@0.2.5
86 silly idealTree │ ├─┬ is-accessor-descriptor@0.1.6
86 silly idealTree │ │ └── kind-of@3.2.2
86 silly idealTree │ ├─┬ is-data-descriptor@0.1.4
86 silly idealTree │ │ └── kind-of@3.2.2
86 silly idealTree │ ├── is-descriptor@0.1.6
86 silly idealTree │ └── kind-of@5.1.0
86 silly idealTree ├── statuses@1.4.0
86 silly idealTree ├── stream-combiner@0.0.4
86 silly idealTree ├── string_decoder@1.0.3
86 silly idealTree ├── string-width@2.1.1
86 silly idealTree ├── strip-ansi@4.0.0
86 silly idealTree ├── strip-eof@1.0.0
86 silly idealTree ├── strip-json-comments@2.0.1
86 silly idealTree ├── supports-color@5.3.0
86 silly idealTree ├── term-size@1.2.0
86 silly idealTree ├── through@2.3.8
86 silly idealTree ├── timed-out@4.0.1
86 silly idealTree ├── to-array@0.1.4
86 silly idealTree ├── to-object-path@0.3.0
86 silly idealTree ├── to-regex-range@2.1.1
86 silly idealTree ├── to-regex@3.0.2
86 silly idealTree ├── touch@3.1.0
86 silly idealTree ├─┬ transformers@2.1.0
86 silly idealTree │ ├── is-promise@1.0.1
86 silly idealTree │ ├── promise@2.0.0
86 silly idealTree │ ├── source-map@0.1.43
86 silly idealTree │ └── uglify-js@2.2.5
86 silly idealTree ├── type-is@1.6.16
86 silly idealTree ├─┬ uglify-js@2.8.29
86 silly idealTree │ └── source-map@0.5.7
86 silly idealTree ├── uglify-to-browserify@1.0.2
86 silly idealTree ├── uid-safe@2.1.5
86 silly idealTree ├── ultron@1.1.1
86 silly idealTree ├── undefsafe@2.0.2
86 silly idealTree ├─┬ union-value@1.0.0
86 silly idealTree │ ├── extend-shallow@2.0.1
86 silly idealTree │ └── set-value@0.4.3
86 silly idealTree ├── unique-string@1.0.0
86 silly idealTree ├── unpipe@1.0.0
86 silly idealTree ├─┬ unset-value@1.0.0
86 silly idealTree │ ├─┬ has-value@0.3.1
86 silly idealTree │ │ └── isobject@2.1.0
86 silly idealTree │ └── has-values@0.1.4
86 silly idealTree ├── unzip-response@2.0.1
86 silly idealTree ├── upath@1.0.4
86 silly idealTree ├── update-notifier@2.4.0
86 silly idealTree ├── urix@0.1.0
86 silly idealTree ├── url-parse-lax@1.0.0
86 silly idealTree ├─┬ use@3.1.0
86 silly idealTree │ └── kind-of@6.0.2
86 silly idealTree ├── util-deprecate@1.0.2
86 silly idealTree ├── utils-merge@1.0.1
86 silly idealTree ├── vary@1.1.2
86 silly idealTree ├── void-elements@2.0.1
86 silly idealTree ├── which@1.3.0
86 silly idealTree ├── widest-line@2.0.0
86 silly idealTree ├── window-size@0.1.0
86 silly idealTree ├─┬ with@4.0.3
86 silly idealTree │ └── acorn@1.2.2
86 silly idealTree ├── wordwrap@0.0.3
86 silly idealTree ├── write-file-atomic@2.3.0
86 silly idealTree ├── ws@3.3.3
86 silly idealTree ├── xdg-basedir@3.0.0
86 silly idealTree ├── xmlhttprequest-ssl@1.5.5
86 silly idealTree ├── yallist@2.1.2
86 silly idealTree ├── yargs@3.10.0
86 silly idealTree └── yeast@0.1.2
87 silly generateActionsToTake Starting
88 silly install generateActionsToTake
89 warn checkPermissions Missing write access to /home/diego/Escritorio/ProyectoSoftwareII/node_modules
90 silly rollbackFailedOptional Starting
91 silly rollbackFailedOptional Finishing
92 silly runTopLevelLifecycles Starting
93 silly runTopLevelLifecycles Finishing
94 silly install printInstalled
95 warn optional Skipping failed optional dependency /chokidar/fsevents:
96 warn notsup Not compatible with your operating system or architecture: fsevents@1.2.3
97 verbose stack Error: EACCES: permission denied, access '/home/diego/Escritorio/ProyectoSoftwareII/node_modules'
97 verbose stack     at Error (native)
98 verbose cwd /home/diego/Escritorio/ProyectoSoftwareII
99 error Linux 4.4.0-124-generic
100 error argv "/usr/bin/nodejs" "/usr/bin/npm" "install" "material-design-icons" "--save"
101 error node v4.2.6
102 error npm  v3.5.2
103 error path /home/diego/Escritorio/ProyectoSoftwareII/node_modules
104 error code EACCES
105 error errno -13
106 error syscall access
107 error Error: EACCES: permission denied, access '/home/diego/Escritorio/ProyectoSoftwareII/node_modules'
107 error     at Error (native)
107 error  { [Error: EACCES: permission denied, access '/home/diego/Escritorio/ProyectoSoftwareII/node_modules']
107 error   errno: -13,
107 error   code: 'EACCES',
107 error   syscall: 'access',
107 error   path: '/home/diego/Escritorio/ProyectoSoftwareII/node_modules' }
108 error Please try running this command again as root/Administrator.
109 verbose exit [ -13, true ]
